<?xml version="1.0" encoding="UTF-8"?>
<!-- Generated by org.testng.reporters.JUnitReportReporter -->
<testsuite skipped="0" hostname="LAPTOP-ADEQ1STN" name="com.manish.framework.sampleTest" tests="1" failures="0" timestamp="31 May 2020 20:00:23 GMT" time="0.009" errors="0">
  <testcase name="testIt" time="0.009" classname="com.manish.framework.sampleTest"/>
</testsuite> <!-- com.manish.framework.sampleTest -->
