<?xml version="1.0" encoding="UTF-8"?>
<!-- Generated by org.testng.reporters.JUnitReportReporter -->
<testsuite skipped="0" hostname="LAPTOP-ADEQ1STN" name="com.manish.framework.SampleTest1" tests="1" failures="0" timestamp="07 Jun 2020 09:25:32 GMT" time="0.000" errors="0">
  <testcase name="f1" time="0.000" classname="com.manish.framework.SampleTest1"/>
</testsuite> <!-- com.manish.framework.SampleTest1 -->
